<?xml version="1.0" encoding="UTF-8"?>
<!-- Generated by org.testng.reporters.JUnitReportReporter -->
<testsuite hostname="Dishants-Air" name="Solution" tests="1" failures="0" timestamp="19 Aug 2019 22:02:53 GMT" time="31.161" errors="0">
  <testcase name="testSolution" time="31.161" classname="Solution"/>
</testsuite> <!-- Solution -->
